WARNING: dynamicgo only support amd64 && go1.17~go1.24, your environment may cause performance degradation
2026/03/08 21:38:39 [git-manage-service] Starting in 'all' mode...
2026/03/08 21:38:39 Initializing resources...
2026/03/08 21:38:39 Database tables exist, skipping schema migration.
2026/03/08 21:38:39 Resources initialized successfully
2026/03/08 21:38:39 RPC Server starting on :8888
2026/03/08 21:38:39.664795 engine.go:668: [Debug] HERTZ: Method=POST   absolutePath=/api/v1/repo/clone        --> handlerName=github.com/yi-nology/git-manage-service/biz/handler/repo.Clone (num=2 handlers)
2026/03/08 21:38:39.664848 engine.go:668: [Debug] HERTZ: Method=POST   absolutePath=/api/v1/repo/create       --> handlerName=github.com/yi-nology/git-manage-service/biz/handler/repo.Create (num=2 handlers)
2026/03/08 21:38:39.664853 engine.go:668: [Debug] HERTZ: Method=POST   absolutePath=/api/v1/repo/delete       --> handlerName=github.com/yi-nology/git-manage-service/biz/handler/repo.Delete (num=2 handlers)
2026/03/08 21:38:39.664858 engine.go:668: [Debug] HERTZ: Method=GET    absolutePath=/api/v1/repo/detail       --> handlerName=github.com/yi-nology/git-manage-service/biz/handler/repo.Get (num=2 handlers)
2026/03/08 21:38:39.664862 engine.go:668: [Debug] HERTZ: Method=POST   absolutePath=/api/v1/repo/fetch        --> handlerName=github.com/yi-nology/git-manage-service/biz/handler/repo.Fetch (num=2 handlers)
2026/03/08 21:38:39.664865 engine.go:668: [Debug] HERTZ: Method=GET    absolutePath=/api/v1/repo/list         --> handlerName=github.com/yi-nology/git-manage-service/biz/handler/repo.List (num=2 handlers)
2026/03/08 21:38:39.664869 engine.go:668: [Debug] HERTZ: Method=POST   absolutePath=/api/v1/repo/scan         --> handlerName=github.com/yi-nology/git-manage-service/biz/handler/repo.Scan (num=2 handlers)
2026/03/08 21:38:39.664872 engine.go:668: [Debug] HERTZ: Method=GET    absolutePath=/api/v1/repo/task         --> handlerName=github.com/yi-nology/git-manage-service/biz/handler/repo.GetCloneTask (num=2 handlers)
2026/03/08 21:38:39.664877 engine.go:668: [Debug] HERTZ: Method=POST   absolutePath=/api/v1/repo/update       --> handlerName=github.com/yi-nology/git-manage-service/biz/handler/repo.Update (num=2 handlers)
2026/03/08 21:38:39.664885 engine.go:668: [Debug] HERTZ: Method=POST   absolutePath=/api/v1/branch/checkout   --> handlerName=github.com/yi-nology/git-manage-service/biz/handler/branch.Checkout (num=2 handlers)
2026/03/08 21:38:39.664890 engine.go:668: [Debug] HERTZ: Method=GET    absolutePath=/api/v1/branch/compare    --> handlerName=github.com/yi-nology/git-manage-service/biz/handler/branch.Compare (num=2 handlers)
2026/03/08 21:38:39.664893 engine.go:668: [Debug] HERTZ: Method=POST   absolutePath=/api/v1/branch/create     --> handlerName=github.com/yi-nology/git-manage-service/biz/handler/branch.Create (num=2 handlers)
2026/03/08 21:38:39.664897 engine.go:668: [Debug] HERTZ: Method=POST   absolutePath=/api/v1/branch/delete     --> handlerName=github.com/yi-nology/git-manage-service/biz/handler/branch.Delete (num=2 handlers)
2026/03/08 21:38:39.664900 engine.go:668: [Debug] HERTZ: Method=GET    absolutePath=/api/v1/branch/diff       --> handlerName=github.com/yi-nology/git-manage-service/biz/handler/branch.GetDiff (num=2 handlers)
2026/03/08 21:38:39.664903 engine.go:668: [Debug] HERTZ: Method=GET    absolutePath=/api/v1/branch/list       --> handlerName=github.com/yi-nology/git-manage-service/biz/handler/branch.List (num=2 handlers)
2026/03/08 21:38:39.664906 engine.go:668: [Debug] HERTZ: Method=POST   absolutePath=/api/v1/branch/merge      --> handlerName=github.com/yi-nology/git-manage-service/biz/handler/branch.Merge (num=2 handlers)
2026/03/08 21:38:39.664910 engine.go:668: [Debug] HERTZ: Method=GET    absolutePath=/api/v1/branch/merge/check --> handlerName=github.com/yi-nology/git-manage-service/biz/handler/branch.MergeCheck (num=2 handlers)
2026/03/08 21:38:39.664913 engine.go:668: [Debug] HERTZ: Method=GET    absolutePath=/api/v1/branch/patch      --> handlerName=github.com/yi-nology/git-manage-service/biz/handler/branch.GetPatch (num=2 handlers)
2026/03/08 21:38:39.664926 engine.go:668: [Debug] HERTZ: Method=POST   absolutePath=/api/v1/branch/pull       --> handlerName=github.com/yi-nology/git-manage-service/biz/handler/branch.Pull (num=2 handlers)
2026/03/08 21:38:39.664929 engine.go:668: [Debug] HERTZ: Method=POST   absolutePath=/api/v1/branch/push       --> handlerName=github.com/yi-nology/git-manage-service/biz/handler/branch.Push (num=2 handlers)
2026/03/08 21:38:39.664932 engine.go:668: [Debug] HERTZ: Method=POST   absolutePath=/api/v1/branch/update     --> handlerName=github.com/yi-nology/git-manage-service/biz/handler/branch.Update (num=2 handlers)
2026/03/08 21:38:39.664936 engine.go:668: [Debug] HERTZ: Method=POST   absolutePath=/api/v1/branch/cherry-pick --> handlerName=github.com/yi-nology/git-manage-service/biz/handler/branch.CherryPick (num=2 handlers)
2026/03/08 21:38:39.664939 engine.go:668: [Debug] HERTZ: Method=POST   absolutePath=/api/v1/branch/rebase     --> handlerName=github.com/yi-nology/git-manage-service/biz/handler/branch.Rebase (num=2 handlers)
2026/03/08 21:38:39.664942 engine.go:668: [Debug] HERTZ: Method=POST   absolutePath=/api/v1/branch/rebase/abort --> handlerName=github.com/yi-nology/git-manage-service/biz/handler/branch.RebaseAbort (num=2 handlers)
2026/03/08 21:38:39.664948 engine.go:668: [Debug] HERTZ: Method=POST   absolutePath=/api/v1/branch/rebase/continue --> handlerName=github.com/yi-nology/git-manage-service/biz/handler/branch.RebaseContinue (num=2 handlers)
2026/03/08 21:38:39.664958 engine.go:668: [Debug] HERTZ: Method=POST   absolutePath=/api/v1/tag/create        --> handlerName=github.com/yi-nology/git-manage-service/biz/handler/tag.Create (num=2 handlers)
2026/03/08 21:38:39.664961 engine.go:668: [Debug] HERTZ: Method=POST   absolutePath=/api/v1/tag/delete        --> handlerName=github.com/yi-nology/git-manage-service/biz/handler/tag.Delete (num=2 handlers)
2026/03/08 21:38:39.664965 engine.go:668: [Debug] HERTZ: Method=GET    absolutePath=/api/v1/tag/list          --> handlerName=github.com/yi-nology/git-manage-service/biz/handler/tag.List (num=2 handlers)
2026/03/08 21:38:39.664968 engine.go:668: [Debug] HERTZ: Method=POST   absolutePath=/api/v1/tag/push          --> handlerName=github.com/yi-nology/git-manage-service/biz/handler/tag.Push (num=2 handlers)
2026/03/08 21:38:39.664972 engine.go:668: [Debug] HERTZ: Method=GET    absolutePath=/api/v1/version/current   --> handlerName=github.com/yi-nology/git-manage-service/biz/handler/version.GetVersion (num=2 handlers)
2026/03/08 21:38:39.664975 engine.go:668: [Debug] HERTZ: Method=GET    absolutePath=/api/v1/version/list      --> handlerName=github.com/yi-nology/git-manage-service/biz/handler/version.ListVersions (num=2 handlers)
2026/03/08 21:38:39.664978 engine.go:668: [Debug] HERTZ: Method=GET    absolutePath=/api/v1/version/next      --> handlerName=github.com/yi-nology/git-manage-service/biz/handler/version.GetNextVersions (num=2 handlers)
2026/03/08 21:38:39.664984 engine.go:668: [Debug] HERTZ: Method=GET    absolutePath=/api/v1/system/config     --> handlerName=github.com/yi-nology/git-manage-service/biz/handler/system.GetConfig (num=2 handlers)
2026/03/08 21:38:39.664987 engine.go:668: [Debug] HERTZ: Method=POST   absolutePath=/api/v1/system/config     --> handlerName=github.com/yi-nology/git-manage-service/biz/handler/system.UpdateConfig (num=2 handlers)
2026/03/08 21:38:39.664991 engine.go:668: [Debug] HERTZ: Method=GET    absolutePath=/api/v1/system/dirs       --> handlerName=github.com/yi-nology/git-manage-service/biz/handler/system.ListDirs (num=2 handlers)
2026/03/08 21:38:39.664996 engine.go:668: [Debug] HERTZ: Method=GET    absolutePath=/api/v1/system/ssh-keys   --> handlerName=github.com/yi-nology/git-manage-service/biz/handler/system.ListSSHKeys (num=2 handlers)
2026/03/08 21:38:39.665000 engine.go:668: [Debug] HERTZ: Method=POST   absolutePath=/api/v1/system/test-connection --> handlerName=github.com/yi-nology/git-manage-service/biz/handler/system.TestConnection (num=2 handlers)
2026/03/08 21:38:39.665003 engine.go:668: [Debug] HERTZ: Method=GET    absolutePath=/api/v1/system/repo/git-config --> handlerName=github.com/yi-nology/git-manage-service/biz/handler/system.GetRepoGitConfig (num=2 handlers)
2026/03/08 21:38:39.665010 engine.go:668: [Debug] HERTZ: Method=GET    absolutePath=/api/v1/system/repo/status --> handlerName=github.com/yi-nology/git-manage-service/biz/handler/system.GetRepoStatus (num=2 handlers)
2026/03/08 21:38:39.665014 engine.go:668: [Debug] HERTZ: Method=POST   absolutePath=/api/v1/system/repo/submit --> handlerName=github.com/yi-nology/git-manage-service/biz/handler/system.SubmitChanges (num=2 handlers)
2026/03/08 21:38:39.665018 engine.go:668: [Debug] HERTZ: Method=GET    absolutePath=/api/v1/system/app-info   --> handlerName=github.com/yi-nology/git-manage-service/biz/handler/system.GetAppInfo (num=2 handlers)
2026/03/08 21:38:39.665022 engine.go:668: [Debug] HERTZ: Method=POST   absolutePath=/api/v1/sync/execute      --> handlerName=github.com/yi-nology/git-manage-service/biz/handler/sync.ExecuteSync (num=2 handlers)
2026/03/08 21:38:39.665025 engine.go:668: [Debug] HERTZ: Method=GET    absolutePath=/api/v1/sync/history      --> handlerName=github.com/yi-nology/git-manage-service/biz/handler/sync.ListHistory (num=2 handlers)
2026/03/08 21:38:39.665016 server.go:79: [Info] KITEX: server listen at addr=[::]:8888
2026/03/08 21:38:39.665028 engine.go:668: [Debug] HERTZ: Method=POST   absolutePath=/api/v1/sync/history/delete --> handlerName=github.com/yi-nology/git-manage-service/biz/handler/sync.DeleteHistory (num=2 handlers)
2026/03/08 21:38:39.665074 engine.go:668: [Debug] HERTZ: Method=POST   absolutePath=/api/v1/sync/run          --> handlerName=github.com/yi-nology/git-manage-service/biz/handler/sync.RunTask (num=2 handlers)
2026/03/08 21:38:39.665079 engine.go:668: [Debug] HERTZ: Method=GET    absolutePath=/api/v1/sync/task         --> handlerName=github.com/yi-nology/git-manage-service/biz/handler/sync.GetTask (num=2 handlers)
2026/03/08 21:38:39.665084 engine.go:668: [Debug] HERTZ: Method=POST   absolutePath=/api/v1/sync/task/create  --> handlerName=github.com/yi-nology/git-manage-service/biz/handler/sync.CreateTask (num=2 handlers)
2026/03/08 21:38:39.665087 engine.go:668: [Debug] HERTZ: Method=POST   absolutePath=/api/v1/sync/task/delete  --> handlerName=github.com/yi-nology/git-manage-service/biz/handler/sync.DeleteTask (num=2 handlers)
2026/03/08 21:38:39.665090 engine.go:668: [Debug] HERTZ: Method=POST   absolutePath=/api/v1/sync/task/update  --> handlerName=github.com/yi-nology/git-manage-service/biz/handler/sync.UpdateTask (num=2 handlers)
2026/03/08 21:38:39.665093 engine.go:668: [Debug] HERTZ: Method=GET    absolutePath=/api/v1/sync/tasks        --> handlerName=github.com/yi-nology/git-manage-service/biz/handler/sync.ListTasks (num=2 handlers)
2026/03/08 21:38:39.665099 engine.go:668: [Debug] HERTZ: Method=GET    absolutePath=/api/v1/stats/analyze     --> handlerName=github.com/yi-nology/git-manage-service/biz/handler/stats.GetStats (num=2 handlers)
2026/03/08 21:38:39.665103 engine.go:668: [Debug] HERTZ: Method=GET    absolutePath=/api/v1/stats/authors     --> handlerName=github.com/yi-nology/git-manage-service/biz/handler/stats.ListAuthors (num=2 handlers)
2026/03/08 21:38:39.665106 engine.go:668: [Debug] HERTZ: Method=GET    absolutePath=/api/v1/stats/branches    --> handlerName=github.com/yi-nology/git-manage-service/biz/handler/stats.ListBranches (num=2 handlers)
2026/03/08 21:38:39.665109 engine.go:668: [Debug] HERTZ: Method=GET    absolutePath=/api/v1/stats/commits     --> handlerName=github.com/yi-nology/git-manage-service/biz/handler/stats.ListCommits (num=2 handlers)
2026/03/08 21:38:39.665112 engine.go:668: [Debug] HERTZ: Method=GET    absolutePath=/api/v1/stats/export/csv  --> handlerName=github.com/yi-nology/git-manage-service/biz/handler/stats.ExportCSV (num=2 handlers)
2026/03/08 21:38:39.665115 engine.go:668: [Debug] HERTZ: Method=GET    absolutePath=/api/v1/stats/lines       --> handlerName=github.com/yi-nology/git-manage-service/biz/handler/stats.GetLineStats (num=2 handlers)
2026/03/08 21:38:39.665123 engine.go:668: [Debug] HERTZ: Method=GET    absolutePath=/api/v1/stats/lines/config --> handlerName=github.com/yi-nology/git-manage-service/biz/handler/stats.GetLineStatsConfig (num=2 handlers)
2026/03/08 21:38:39.665128 engine.go:668: [Debug] HERTZ: Method=POST   absolutePath=/api/v1/stats/lines/config --> handlerName=github.com/yi-nology/git-manage-service/biz/handler/stats.SaveLineStatsConfig (num=2 handlers)
2026/03/08 21:38:39.665132 engine.go:668: [Debug] HERTZ: Method=GET    absolutePath=/api/v1/stats/lines/export/csv --> handlerName=github.com/yi-nology/git-manage-service/biz/handler/stats.ExportLineStatsCSV (num=2 handlers)
2026/03/08 21:38:39.665140 engine.go:668: [Debug] HERTZ: Method=GET    absolutePath=/api/v1/audit/log         --> handlerName=github.com/yi-nology/git-manage-service/biz/handler/audit.Get (num=2 handlers)
2026/03/08 21:38:39.665143 engine.go:668: [Debug] HERTZ: Method=GET    absolutePath=/api/v1/audit/logs        --> handlerName=github.com/yi-nology/git-manage-service/biz/handler/audit.List (num=2 handlers)
2026/03/08 21:38:39.665147 engine.go:668: [Debug] HERTZ: Method=POST   absolutePath=/api/webhooks/task-sync   --> handlerName=github.com/yi-nology/git-manage-service/biz/handler/webhook.TriggerSync (num=2 handlers)
2026/03/08 21:38:39.665150 engine.go:668: [Debug] HERTZ: Method=POST   absolutePath=/api/webhooks/trigger/:token --> handlerName=github.com/yi-nology/git-manage-service/biz/handler/webhook.TriggerSyncByToken (num=2 handlers)
2026/03/08 21:38:39.665157 engine.go:668: [Debug] HERTZ: Method=GET    absolutePath=/api/v1/file/blob         --> handlerName=github.com/yi-nology/git-manage-service/biz/handler/file.GetBlob (num=2 handlers)
2026/03/08 21:38:39.665160 engine.go:668: [Debug] HERTZ: Method=GET    absolutePath=/api/v1/file/history      --> handlerName=github.com/yi-nology/git-manage-service/biz/handler/file.GetFileHistory (num=2 handlers)
2026/03/08 21:38:39.665163 engine.go:668: [Debug] HERTZ: Method=GET    absolutePath=/api/v1/file/tree         --> handlerName=github.com/yi-nology/git-manage-service/biz/handler/file.GetTree (num=2 handlers)
2026/03/08 21:38:39.665167 engine.go:668: [Debug] HERTZ: Method=GET    absolutePath=/api/v1/commit/detail     --> handlerName=github.com/yi-nology/git-manage-service/biz/handler/commit.GetCommit (num=2 handlers)
2026/03/08 21:38:39.665170 engine.go:668: [Debug] HERTZ: Method=GET    absolutePath=/api/v1/commit/diff       --> handlerName=github.com/yi-nology/git-manage-service/biz/handler/commit.GetCommitDiff (num=2 handlers)
2026/03/08 21:38:39.665173 engine.go:668: [Debug] HERTZ: Method=GET    absolutePath=/api/v1/commit/search     --> handlerName=github.com/yi-nology/git-manage-service/biz/handler/commit.SearchCommits (num=2 handlers)
2026/03/08 21:38:39.665179 engine.go:668: [Debug] HERTZ: Method=GET    absolutePath=/api/v1/notification/channel --> handlerName=github.com/yi-nology/git-manage-service/biz/handler/notification.GetChannel (num=2 handlers)
2026/03/08 21:38:39.665185 engine.go:668: [Debug] HERTZ: Method=POST   absolutePath=/api/v1/notification/channel/create --> handlerName=github.com/yi-nology/git-manage-service/biz/handler/notification.CreateChannel (num=2 handlers)
2026/03/08 21:38:39.665189 engine.go:668: [Debug] HERTZ: Method=POST   absolutePath=/api/v1/notification/channel/delete --> handlerName=github.com/yi-nology/git-manage-service/biz/handler/notification.DeleteChannel (num=2 handlers)
2026/03/08 21:38:39.665193 engine.go:668: [Debug] HERTZ: Method=POST   absolutePath=/api/v1/notification/channel/test --> handlerName=github.com/yi-nology/git-manage-service/biz/handler/notification.TestChannel (num=2 handlers)
2026/03/08 21:38:39.665196 engine.go:668: [Debug] HERTZ: Method=POST   absolutePath=/api/v1/notification/channel/update --> handlerName=github.com/yi-nology/git-manage-service/biz/handler/notification.UpdateChannel (num=2 handlers)
2026/03/08 21:38:39.665199 engine.go:668: [Debug] HERTZ: Method=GET    absolutePath=/api/v1/notification/channels --> handlerName=github.com/yi-nology/git-manage-service/biz/handler/notification.ListChannels (num=2 handlers)
2026/03/08 21:38:39.665207 engine.go:668: [Debug] HERTZ: Method=POST   absolutePath=/api/v1/stash/apply       --> handlerName=github.com/yi-nology/git-manage-service/biz/handler/stash.ApplyStash (num=2 handlers)
2026/03/08 21:38:39.665210 engine.go:668: [Debug] HERTZ: Method=POST   absolutePath=/api/v1/stash/clear       --> handlerName=github.com/yi-nology/git-manage-service/biz/handler/stash.ClearStash (num=2 handlers)
2026/03/08 21:38:39.665213 engine.go:668: [Debug] HERTZ: Method=POST   absolutePath=/api/v1/stash/drop        --> handlerName=github.com/yi-nology/git-manage-service/biz/handler/stash.DropStash (num=2 handlers)
2026/03/08 21:38:39.665217 engine.go:668: [Debug] HERTZ: Method=GET    absolutePath=/api/v1/stash/list        --> handlerName=github.com/yi-nology/git-manage-service/biz/handler/stash.ListStash (num=2 handlers)
2026/03/08 21:38:39.665220 engine.go:668: [Debug] HERTZ: Method=POST   absolutePath=/api/v1/stash/pop         --> handlerName=github.com/yi-nology/git-manage-service/biz/handler/stash.PopStash (num=2 handlers)
2026/03/08 21:38:39.665223 engine.go:668: [Debug] HERTZ: Method=POST   absolutePath=/api/v1/stash/save        --> handlerName=github.com/yi-nology/git-manage-service/biz/handler/stash.SaveStash (num=2 handlers)
2026/03/08 21:38:39.665231 engine.go:668: [Debug] HERTZ: Method=POST   absolutePath=/api/v1/submodule/add     --> handlerName=github.com/yi-nology/git-manage-service/biz/handler/submodule.AddSubmodule (num=2 handlers)
2026/03/08 21:38:39.665235 engine.go:668: [Debug] HERTZ: Method=POST   absolutePath=/api/v1/submodule/init    --> handlerName=github.com/yi-nology/git-manage-service/biz/handler/submodule.InitSubmodule (num=2 handlers)
2026/03/08 21:38:39.665238 engine.go:668: [Debug] HERTZ: Method=GET    absolutePath=/api/v1/submodule/list    --> handlerName=github.com/yi-nology/git-manage-service/biz/handler/submodule.ListSubmodules (num=2 handlers)
2026/03/08 21:38:39.665241 engine.go:668: [Debug] HERTZ: Method=POST   absolutePath=/api/v1/submodule/remove  --> handlerName=github.com/yi-nology/git-manage-service/biz/handler/submodule.RemoveSubmodule (num=2 handlers)
2026/03/08 21:38:39.665244 engine.go:668: [Debug] HERTZ: Method=GET    absolutePath=/api/v1/submodule/status  --> handlerName=github.com/yi-nology/git-manage-service/biz/handler/submodule.GetStatus (num=2 handlers)
2026/03/08 21:38:39.665247 engine.go:668: [Debug] HERTZ: Method=POST   absolutePath=/api/v1/submodule/sync    --> handlerName=github.com/yi-nology/git-manage-service/biz/handler/submodule.SyncSubmodule (num=2 handlers)
2026/03/08 21:38:39.665249 engine.go:668: [Debug] HERTZ: Method=POST   absolutePath=/api/v1/submodule/update  --> handlerName=github.com/yi-nology/git-manage-service/biz/handler/submodule.UpdateSubmodule (num=2 handlers)
2026/03/08 21:38:39.665254 engine.go:668: [Debug] HERTZ: Method=GET    absolutePath=/api/v1/system/db-ssh-keys/ --> handlerName=github.com/yi-nology/git-manage-service/biz/handler/sshkey.ListDBSSHKeys (num=2 handlers)
2026/03/08 21:38:39.665257 engine.go:668: [Debug] HERTZ: Method=POST   absolutePath=/api/v1/system/db-ssh-keys/ --> handlerName=github.com/yi-nology/git-manage-service/biz/handler/sshkey.CreateDBSSHKey (num=2 handlers)
2026/03/08 21:38:39.665260 engine.go:668: [Debug] HERTZ: Method=GET    absolutePath=/api/v1/system/db-ssh-keys/:id --> handlerName=github.com/yi-nology/git-manage-service/biz/handler/sshkey.GetDBSSHKey (num=2 handlers)
2026/03/08 21:38:39.665263 engine.go:668: [Debug] HERTZ: Method=PUT    absolutePath=/api/v1/system/db-ssh-keys/:id --> handlerName=github.com/yi-nology/git-manage-service/biz/handler/sshkey.UpdateDBSSHKey (num=2 handlers)
2026/03/08 21:38:39.665268 engine.go:668: [Debug] HERTZ: Method=DELETE absolutePath=/api/v1/system/db-ssh-keys/:id --> handlerName=github.com/yi-nology/git-manage-service/biz/handler/sshkey.DeleteDBSSHKey (num=2 handlers)
2026/03/08 21:38:39.665272 engine.go:668: [Debug] HERTZ: Method=POST   absolutePath=/api/v1/system/db-ssh-keys/:id/test --> handlerName=github.com/yi-nology/git-manage-service/biz/handler/sshkey.TestDBSSHKey (num=2 handlers)
2026/03/08 21:38:39.665278 engine.go:668: [Debug] HERTZ: Method=GET    absolutePath=/api/v1/credentials/      --> handlerName=github.com/yi-nology/git-manage-service/biz/handler/credential.List (num=2 handlers)
2026/03/08 21:38:39.665281 engine.go:668: [Debug] HERTZ: Method=POST   absolutePath=/api/v1/credentials/      --> handlerName=github.com/yi-nology/git-manage-service/biz/handler/credential.Create (num=2 handlers)
2026/03/08 21:38:39.665284 engine.go:668: [Debug] HERTZ: Method=POST   absolutePath=/api/v1/credentials/match --> handlerName=github.com/yi-nology/git-manage-service/biz/handler/credential.Match (num=2 handlers)
2026/03/08 21:38:39.665287 engine.go:668: [Debug] HERTZ: Method=GET    absolutePath=/api/v1/credentials/:id   --> handlerName=github.com/yi-nology/git-manage-service/biz/handler/credential.Get (num=2 handlers)
2026/03/08 21:38:39.665291 engine.go:668: [Debug] HERTZ: Method=PUT    absolutePath=/api/v1/credentials/:id   --> handlerName=github.com/yi-nology/git-manage-service/biz/handler/credential.Update (num=2 handlers)
2026/03/08 21:38:39.665294 engine.go:668: [Debug] HERTZ: Method=DELETE absolutePath=/api/v1/credentials/:id   --> handlerName=github.com/yi-nology/git-manage-service/biz/handler/credential.Delete (num=2 handlers)
2026/03/08 21:38:39.665297 engine.go:668: [Debug] HERTZ: Method=POST   absolutePath=/api/v1/credentials/:id/test --> handlerName=github.com/yi-nology/git-manage-service/biz/handler/credential.Test (num=2 handlers)
2026/03/08 21:38:39.665301 engine.go:668: [Debug] HERTZ: Method=GET    absolutePath=/docs/swagger.json        --> handlerName=github.com/yi-nology/git-manage-service/biz/router.GeneratedRegister.func1 (num=2 handlers)
2026/03/08 21:38:39.665305 engine.go:668: [Debug] HERTZ: Method=GET    absolutePath=/docs/*filepath           --> handlerName=github.com/yi-nology/git-manage-service/biz/router.GeneratedRegister.func2 (num=2 handlers)
2026/03/08 21:38:39.665308 engine.go:668: [Debug] HERTZ: Method=GET    absolutePath=/*filepath                --> handlerName=github.com/yi-nology/git-manage-service/biz/router.GeneratedRegister.func3 (num=2 handlers)
2026/03/08 21:38:39.665311 engine.go:668: [Debug] HERTZ: Method=HEAD   absolutePath=/*filepath                --> handlerName=github.com/yi-nology/git-manage-service/biz/router.GeneratedRegister.func4 (num=2 handlers)
2026/03/08 21:38:39.665314 engine.go:668: [Debug] HERTZ: Method=GET    absolutePath=/                         --> handlerName=github.com/yi-nology/git-manage-service/biz/router.GeneratedRegister.func5 (num=2 handlers)
2026/03/08 21:38:39 HTTP Server starting on :38080
2026/03/08 21:38:39.665340 engine.go:396: [Info] HERTZ: Using network library=netpoll
2026/03/08 21:38:39.665390 transport.go:115: [Info] HERTZ: HTTP server listening on address=[::]:38080
2026/03/08 21:39:12 Shutdown signal received, shutting down servers...
2026/03/08 21:39:12.648489 server_handler.go:405: [Info] KITEX: gRPC GracefulShutdown starts
2026/03/08 21:39:12.699669 server_handler.go:407: [Info] KITEX: gRPC GracefulShutdown ends
2026/03/08 21:39:12 RPC Server stopped
2026/03/08 21:39:12.800885 engine.go:313: [Info] HERTZ: Execute OnShutdownHooks finish
2026/03/08 21:39:12 HTTP Server stopped
2026/03/08 21:39:12 All servers stopped. Exiting.
